
> chapter_04@1.0.0 prestart /home/kurian/examples_2/chapter_04
> tsc

node_modules/@angular/core/src/application_ref.d.ts(39,88): error TS2304: Cannot find name 'Promise'.
node_modules/@angular/core/src/application_ref.d.ts(99,42): error TS2304: Cannot find name 'Promise'.
node_modules/@angular/core/src/application_ref.d.ts(174,33): error TS2304: Cannot find name 'Promise'.
node_modules/@angular/core/src/change_detection/differs/default_keyvalue_differ.d.ts(24,15): error TS2304: Cannot find name 'Map'.
node_modules/@angular/core/src/change_detection/differs/default_keyvalue_differ.d.ts(26,16): error TS2304: Cannot find name 'Map'.
node_modules/@angular/core/src/di/reflective_provider.d.ts(105,123): error TS2304: Cannot find name 'Map'.
node_modules/@angular/core/src/di/reflective_provider.d.ts(105,165): error TS2304: Cannot find name 'Map'.
node_modules/@angular/core/src/facade/async.d.ts(27,33): error TS2304: Cannot find name 'Promise'.
node_modules/@angular/core/src/facade/async.d.ts(28,45): error TS2304: Cannot find name 'Promise'.
node_modules/@angular/core/src/facade/collection.d.ts(1,25): error TS2304: Cannot find name 'MapConstructor'.
node_modules/@angular/core/src/facade/collection.d.ts(2,25): error TS2304: Cannot find name 'SetConstructor'.
node_modules/@angular/core/src/facade/collection.d.ts(4,27): error TS2304: Cannot find name 'Map'.
node_modules/@angular/core/src/facade/collection.d.ts(4,39): error TS2304: Cannot find name 'Map'.
node_modules/@angular/core/src/facade/collection.d.ts(7,9): error TS2304: Cannot find name 'Map'.
node_modules/@angular/core/src/facade/collection.d.ts(8,30): error TS2304: Cannot find name 'Map'.
node_modules/@angular/core/src/facade/collection.d.ts(11,43): error TS2304: Cannot find name 'Map'.
node_modules/@angular/core/src/facade/collection.d.ts(12,27): error TS2304: Cannot find name 'Map'.
node_modules/@angular/core/src/facade/collection.d.ts(14,23): error TS2304: Cannot find name 'Map'.
node_modules/@angular/core/src/facade/collection.d.ts(15,25): error TS2304: Cannot find name 'Map'.
node_modules/@angular/core/src/facade/collection.d.ts(100,41): error TS2304: Cannot find name 'Set'.
node_modules/@angular/core/src/facade/collection.d.ts(101,22): error TS2304: Cannot find name 'Set'.
node_modules/@angular/core/src/facade/collection.d.ts(102,25): error TS2304: Cannot find name 'Set'.
node_modules/@angular/core/src/facade/lang.d.ts(4,17): error TS2304: Cannot find name 'Map'.
node_modules/@angular/core/src/facade/lang.d.ts(5,17): error TS2304: Cannot find name 'Set'.
node_modules/@angular/core/src/facade/lang.d.ts(70,59): error TS2304: Cannot find name 'Map'.
node_modules/@angular/core/src/facade/promise.d.ts(2,14): error TS2304: Cannot find name 'Promise'.
node_modules/@angular/core/src/facade/promise.d.ts(8,32): error TS2304: Cannot find name 'Promise'.
node_modules/@angular/core/src/facade/promise.d.ts(9,38): error TS2304: Cannot find name 'Promise'.
node_modules/@angular/core/src/facade/promise.d.ts(10,35): error TS2304: Cannot find name 'Promise'.
node_modules/@angular/core/src/facade/promise.d.ts(10,93): error TS2304: Cannot find name 'Promise'.
node_modules/@angular/core/src/facade/promise.d.ts(11,34): error TS2304: Cannot find name 'Promise'.
node_modules/@angular/core/src/facade/promise.d.ts(11,50): error TS2304: Cannot find name 'Promise'.
node_modules/@angular/core/src/facade/promise.d.ts(12,32): error TS2304: Cannot find name 'Promise'.
node_modules/@angular/core/src/facade/promise.d.ts(12,149): error TS2304: Cannot find name 'Promise'.
node_modules/@angular/core/src/facade/promise.d.ts(13,43): error TS2304: Cannot find name 'Promise'.
node_modules/@angular/core/src/linker/component_resolver.d.ts(8,53): error TS2304: Cannot find name 'Promise'.
node_modules/@angular/core/src/linker/component_resolver.d.ts(12,44): error TS2304: Cannot find name 'Promise'.
node_modules/@angular/core/src/linker/dynamic_component_loader.d.ts(62,148): error TS2304: Cannot find name 'Promise'.
node_modules/@angular/core/src/linker/dynamic_component_loader.d.ts(103,144): error TS2304: Cannot find name 'Promise'.
node_modules/@angular/core/src/linker/dynamic_component_loader.d.ts(108,139): error TS2304: Cannot find name 'Promise'.
node_modules/@angular/core/src/linker/dynamic_component_loader.d.ts(109,135): error TS2304: Cannot find name 'Promise'.
node_modules/@angular/core/src/reflection/reflector.d.ts(28,22): error TS2304: Cannot find name 'Map'.
node_modules/@angular/core/src/reflection/reflector.d.ts(30,15): error TS2304: Cannot find name 'Map'.
node_modules/@angular/core/src/reflection/reflector.d.ts(32,15): error TS2304: Cannot find name 'Map'.
node_modules/@angular/core/src/reflection/reflector.d.ts(34,15): error TS2304: Cannot find name 'Map'.
node_modules/@angular/core/src/reflection/reflector.d.ts(36,16): error TS2304: Cannot find name 'Set'.
node_modules/@angular/core/src/testability/testability.d.ts(40,20): error TS2304: Cannot find name 'Map'.
node_modules/@angular/platform-browser-dynamic/platform_browser_dynamic.d.ts(75,90): error TS2304: Cannot find name 'Promise'.
node_modules/rxjs/Observable.d.ts(10,66): error TS2304: Cannot find name 'Promise'.
node_modules/rxjs/Observable.d.ts(66,60): error TS2304: Cannot find name 'Promise'.
node_modules/rxjs/Observable.d.ts(66,70): error TS2304: Cannot find name 'Promise'.
pomodoro-tasks.ts(125,16): error TS2339: Property 'fill' does not exist on type 'Object[]'.
